<?xml version="1.0" encoding="UTF-8"?>
<!-- Generated by org.testng.reporters.JUnitXMLReporter -->
<testsuite ignored="0" hostname="DESKTOP-N1F218A" failures="1" tests="1" name="EdgeTest" time="58.478" errors="0" timestamp="2023-11-10T15:25:10 IST">
  <testcase classname="TestCases.TC5_ShopProduct" name="ShopProduct" time="49.623">
    <failure type="org.openqa.selenium.InvalidArgumentException" message="invalid argument: File not found : D:\03_Training\FreeLanceAWS_Docker\STF_AWS\TestData\Thumbnail\Insurance.JPG
  (Session info: MicrosoftEdge=119.0.2151.44)
Build info: version: &amp;apos;4.11.0&amp;apos;, revision: &amp;apos;040bc5406b&amp;apos;
System info: os.name: &amp;apos;Windows 10&amp;apos;, os.arch: &amp;apos;amd64&amp;apos;, os.version: &amp;apos;10.0&amp;apos;, java.version: &amp;apos;17.0.7&amp;apos;
Driver info: org.openqa.selenium.remote.RemoteWebDriver
Command: [9c59d6ae8fdd51fa8e4087a5139d6bfe, sendKeysToElement {id=89C8A973A9B8DB470590C78B600C510C_element_131, value=[Ljava.lang.CharSequence;@43a12690}]
Capabilities {acceptInsecureCerts: false, browserName: msedge, browserVersion: 119.0.2151.44, fedcm:accounts: true, ms:edgeOptions: {debuggerAddress: localhost:36611}, msedge: {msedgedriverVersion: 119.0.2151.44 (44557a29097a..., userDataDir: /tmp/.com.microsoft.Edge.gU...}, networkConnectionEnabled: false, pageLoadStrategy: normal, platformName: linux, proxy: Proxy(), se:bidiEnabled: false, se:cdp: ws://172.18.0.5:4444/sessio..., se:cdpVersion: 119.0.2151.44, se:vnc: ws://172.18.0.5:4444/sessio..., se:vncEnabled: true, se:vncLocalAddress: ws://172.18.0.5:7900, setWindowRect: true, strictFileInteractability: false, timeouts: {implicit: 0, pageLoad: 300000, script: 30000}, unhandledPromptBehavior: dismiss and notify, webauthn:extension:credBlob: true, webauthn:extension:largeBlob: true, webauthn:extension:minPinLength: true, webauthn:extension:prf: true, webauthn:virtualAuthenticators: true}
Element: [[RemoteWebDriver: msedge on linux (9c59d6ae8fdd51fa8e4087a5139d6bfe)] -&amp;gt; xpath: //input[@id=&amp;quot;thumbnail&amp;quot;]]
Session ID: 9c59d6ae8fdd51fa8e4087a5139d6bfe">
      <![CDATA[org.openqa.selenium.InvalidArgumentException: invalid argument: File not found : D:\03_Training\FreeLanceAWS_Docker\STF_AWS\TestData\Thumbnail\Insurance.JPG
  (Session info: MicrosoftEdge=119.0.2151.44)
Build info: version: '4.11.0', revision: '040bc5406b'
System info: os.name: 'Windows 10', os.arch: 'amd64', os.version: '10.0', java.version: '17.0.7'
Driver info: org.openqa.selenium.remote.RemoteWebDriver
Command: [9c59d6ae8fdd51fa8e4087a5139d6bfe, sendKeysToElement {id=89C8A973A9B8DB470590C78B600C510C_element_131, value=[Ljava.lang.CharSequence;@43a12690}]
Capabilities {acceptInsecureCerts: false, browserName: msedge, browserVersion: 119.0.2151.44, fedcm:accounts: true, ms:edgeOptions: {debuggerAddress: localhost:36611}, msedge: {msedgedriverVersion: 119.0.2151.44 (44557a29097a..., userDataDir: /tmp/.com.microsoft.Edge.gU...}, networkConnectionEnabled: false, pageLoadStrategy: normal, platformName: linux, proxy: Proxy(), se:bidiEnabled: false, se:cdp: ws://172.18.0.5:4444/sessio..., se:cdpVersion: 119.0.2151.44, se:vnc: ws://172.18.0.5:4444/sessio..., se:vncEnabled: true, se:vncLocalAddress: ws://172.18.0.5:7900, setWindowRect: true, strictFileInteractability: false, timeouts: {implicit: 0, pageLoad: 300000, script: 30000}, unhandledPromptBehavior: dismiss and notify, webauthn:extension:credBlob: true, webauthn:extension:largeBlob: true, webauthn:extension:minPinLength: true, webauthn:extension:prf: true, webauthn:virtualAuthenticators: true}
Element: [[RemoteWebDriver: msedge on linux (9c59d6ae8fdd51fa8e4087a5139d6bfe)] -> xpath: //input[@id="thumbnail"]]
Session ID: 9c59d6ae8fdd51fa8e4087a5139d6bfe
at org.openqa.selenium.remote.codec.w3c.W3CHttpResponseCodec.createException(W3CHttpResponseCodec.java:200)
at org.openqa.selenium.remote.codec.w3c.W3CHttpResponseCodec.decode(W3CHttpResponseCodec.java:133)
at org.openqa.selenium.remote.codec.w3c.W3CHttpResponseCodec.decode(W3CHttpResponseCodec.java:52)
at org.openqa.selenium.remote.HttpCommandExecutor.execute(HttpCommandExecutor.java:191)
at org.openqa.selenium.remote.TracedCommandExecutor.execute(TracedCommandExecutor.java:51)
at org.openqa.selenium.remote.RemoteWebDriver.execute(RemoteWebDriver.java:518)
at org.openqa.selenium.remote.RemoteWebElement.execute(RemoteWebElement.java:224)
at org.openqa.selenium.remote.RemoteWebElement.sendKeys(RemoteWebElement.java:111)
at Pages.ManageCousesPage.AddCourse(ManageCousesPage.java:46)
at TestCases.TC5_ShopProduct.ShopProduct(TC5_ShopProduct.java:85)
at java.base/java.util.ArrayList.forEach(ArrayList.java:1511)
at java.base/java.util.concurrent.FutureTask.run(FutureTask.java:264)
at java.base/java.util.concurrent.ThreadPoolExecutor.runWorker(ThreadPoolExecutor.java:1136)
at java.base/java.util.concurrent.ThreadPoolExecutor$Worker.run(ThreadPoolExecutor.java:635)
at java.base/java.lang.Thread.run(Thread.java:833)
... Removed 23 stack frames]]>
    </failure>
  </testcase> <!-- ShopProduct -->
</testsuite> <!-- EdgeTest -->
